Using pre-set license
Built from '2020.3/staging' branch; Version is '2020.3.11f1 (99c7afb366b3) revision 10078127'; Using compiler version '192528614'; Build Type 'Release'
OS: 'Windows 10 Pro; OS build 19041.1052; Version 2004; 64bit' Language: 'tr' Physical Memory: 11981 MB
BatchMode: 1, IsHumanControllingUs: 0, StartBugReporterOnCrash: 0, Is64bit: 1, IsPro: 0

 COMMAND LINE ARGUMENTS:
C:\Program Files\Unity\Hub\Editor\2020.3.11f1\Editor\Unity.exe
-adb2
-batchMode
-noUpm
-name
AssetImportWorker0
-projectPath
C:/Users/ogulc/Unity2D/HexagonOgulcan
-logFile
Logs/AssetImportWorker0.log
-srvPort
51525
Successfully changed project path to: C:/Users/ogulc/Unity2D/HexagonOgulcan
C:/Users/ogulc/Unity2D/HexagonOgulcan
Using Asset Import Pipeline V2.
Refreshing native plugins compatible for Editor in 65.56 ms, found 3 plugins.
Preloading 0 native plugins for Editor in 0.00 ms.
Initialize engine version: 2020.3.11f1 (99c7afb366b3)
[Subsystems] Discovering subsystems at path C:/Program Files/Unity/Hub/Editor/2020.3.11f1/Editor/Data/Resources/UnitySubsystems
[Subsystems] Discovering subsystems at path C:/Users/ogulc/Unity2D/HexagonOgulcan/Assets
GfxDevice: creating device client; threaded=0
Direct3D:
    Version:  Direct3D 11.0 [level 11.0]
    Renderer: NVIDIA GeForce GT 650M (ID=0xfd1)
    Vendor:   
    VRAM:     4052 MB
    Driver:   25.21.14.2531
Initialize mono
Mono path[0] = 'C:/Program Files/Unity/Hub/Editor/2020.3.11f1/Editor/Data/Managed'
Mono path[1] = 'C:/Program Files/Unity/Hub/Editor/2020.3.11f1/Editor/Data/MonoBleedingEdge/lib/mono/unityjit'
Mono config path = 'C:/Program Files/Unity/Hub/Editor/2020.3.11f1/Editor/Data/MonoBleedingEdge/etc'
Using monoOptions --debugger-agent=transport=dt_socket,embedding=1,server=y,suspend=n,address=127.0.0.1:56384
Begin MonoManager ReloadAssembly
Registering precompiled unity dll's ...
Register platform support module: C:/Program Files/Unity/Hub/Editor/2020.3.11f1/Editor/Data/PlaybackEngines/WindowsStandaloneSupport/UnityEditor.WindowsStandalone.Extensions.dll
Registered in 0.004025 seconds.
Native extension for WindowsStandalone target not found
Refreshing native plugins compatible for Editor in 64.14 ms, found 3 plugins.
Preloading 0 native plugins for Editor in 0.00 ms.
Mono: successfully reloaded assembly
- Completed reload, in  2.860 seconds
Platform modules already initialized, skipping
Registering precompiled user dll's ...
Registered in 0.007527 seconds.
Begin MonoManager ReloadAssembly
Native extension for WindowsStandalone target not found
Refreshing native plugins compatible for Editor in 62.02 ms, found 3 plugins.
Preloading 0 native plugins for Editor in 0.00 ms.
Mono: successfully reloaded assembly
- Completed reload, in  1.761 seconds
Platform modules already initialized, skipping
========================================================================
Worker process is ready to serve import requests
Launched and connected shader compiler UnityShaderCompiler.exe after 0.05 seconds
Refreshing native plugins compatible for Editor in 0.55 ms, found 3 plugins.
Preloading 0 native plugins for Editor in 0.00 ms.
Unloading 2086 Unused Serialized files (Serialized files now loaded: 0)
System memory in use before: 93.2 MB.
System memory in use after: 93.2 MB.

Unloading 33 unused Assets to reduce memory usage. Loaded Objects now: 2522.
Total: 3.299100 ms (FindLiveObjects: 0.273800 ms CreateObjectMapping: 0.179100 ms MarkObjects: 2.670100 ms  DeleteObjects: 0.174600 ms)

========================================================================
Received Import Request.
  path: Assets/Prefabs/Hexagon.prefab
  artifactKey: Guid(d0a8e4744adc30e4da0bd2fa2d6c6a6f) Importer(815301076,1909f56bfc062723c751e8b465ee728b)
Start importing Assets/Prefabs/Hexagon.prefab using Guid(d0a8e4744adc30e4da0bd2fa2d6c6a6f) Importer(815301076,1909f56bfc062723c751e8b465ee728b)  -> (artifact id: '4ed38e9169b4a466cc4cbc5f45992889') in 0.224841 seconds
  Import took 0.229645 seconds .

========================================================================
Received Import Request.
  Time since last request: 10.558160 seconds.
  path: Assets/Prefabs/Hexagon.prefab
  artifactKey: Guid(d0a8e4744adc30e4da0bd2fa2d6c6a6f) Importer(815301076,1909f56bfc062723c751e8b465ee728b)
Start importing Assets/Prefabs/Hexagon.prefab using Guid(d0a8e4744adc30e4da0bd2fa2d6c6a6f) Importer(815301076,1909f56bfc062723c751e8b465ee728b)  -> (artifact id: '22d96d883c33ec1676104dd027bbf07e') in 0.016505 seconds
  Import took 0.041528 seconds .

========================================================================
Received Import Request.
  Time since last request: 4.391607 seconds.
  path: Assets/Prefabs/Hexagon.prefab
  artifactKey: Guid(d0a8e4744adc30e4da0bd2fa2d6c6a6f) Importer(815301076,1909f56bfc062723c751e8b465ee728b)
Start importing Assets/Prefabs/Hexagon.prefab using Guid(d0a8e4744adc30e4da0bd2fa2d6c6a6f) Importer(815301076,1909f56bfc062723c751e8b465ee728b)  -> (artifact id: '4969d40ccdce9af9ec8557d5d0e38d95') in 0.018530 seconds
  Import took 0.031013 seconds .

========================================================================
Received Import Request.
  Time since last request: 3.223565 seconds.
  path: Assets/Prefabs/Hexagon.prefab
  artifactKey: Guid(d0a8e4744adc30e4da0bd2fa2d6c6a6f) Importer(815301076,1909f56bfc062723c751e8b465ee728b)
Start importing Assets/Prefabs/Hexagon.prefab using Guid(d0a8e4744adc30e4da0bd2fa2d6c6a6f) Importer(815301076,1909f56bfc062723c751e8b465ee728b)  -> (artifact id: 'eeb98818dec6375430c6f65667b066ab') in 0.014514 seconds
  Import took 0.031259 seconds .

========================================================================
Received Import Request.
  Time since last request: 4.234081 seconds.
  path: Assets/Prefabs/Hexagon.prefab
  artifactKey: Guid(d0a8e4744adc30e4da0bd2fa2d6c6a6f) Importer(815301076,1909f56bfc062723c751e8b465ee728b)
Start importing Assets/Prefabs/Hexagon.prefab using Guid(d0a8e4744adc30e4da0bd2fa2d6c6a6f) Importer(815301076,1909f56bfc062723c751e8b465ee728b)  -> (artifact id: 'f128e03558cc3ab012944010d0e8974e') in 0.014836 seconds
  Import took 0.020213 seconds .

========================================================================
Received Import Request.
  Time since last request: 3.421114 seconds.
  path: Assets/Prefabs/Hexagon.prefab
  artifactKey: Guid(d0a8e4744adc30e4da0bd2fa2d6c6a6f) Importer(815301076,1909f56bfc062723c751e8b465ee728b)
Start importing Assets/Prefabs/Hexagon.prefab using Guid(d0a8e4744adc30e4da0bd2fa2d6c6a6f) Importer(815301076,1909f56bfc062723c751e8b465ee728b)  -> (artifact id: 'fab1d716e3a5a6e04a0eb609e299f9b3') in 0.014504 seconds
  Import took 0.019098 seconds .

========================================================================
Received Import Request.
  Time since last request: 3.635089 seconds.
  path: Assets/Prefabs/Hexagon.prefab
  artifactKey: Guid(d0a8e4744adc30e4da0bd2fa2d6c6a6f) Importer(815301076,1909f56bfc062723c751e8b465ee728b)
Start importing Assets/Prefabs/Hexagon.prefab using Guid(d0a8e4744adc30e4da0bd2fa2d6c6a6f) Importer(815301076,1909f56bfc062723c751e8b465ee728b)  -> (artifact id: '8f91082fd1740abe89c6840c63a9207d') in 0.014710 seconds
  Import took 0.019202 seconds .

========================================================================
Received Import Request.
  Time since last request: 5.029931 seconds.
  path: Assets/Prefabs/Hexagon.prefab
  artifactKey: Guid(d0a8e4744adc30e4da0bd2fa2d6c6a6f) Importer(815301076,1909f56bfc062723c751e8b465ee728b)
Start importing Assets/Prefabs/Hexagon.prefab using Guid(d0a8e4744adc30e4da0bd2fa2d6c6a6f) Importer(815301076,1909f56bfc062723c751e8b465ee728b)  -> (artifact id: '31a7d786ada44744ed723ee3899c2f20') in 0.018540 seconds
  Import took 0.023186 seconds .

========================================================================
Received Import Request.
  Time since last request: 2.996249 seconds.
  path: Assets/Prefabs/Hexagon.prefab
  artifactKey: Guid(d0a8e4744adc30e4da0bd2fa2d6c6a6f) Importer(815301076,1909f56bfc062723c751e8b465ee728b)
Start importing Assets/Prefabs/Hexagon.prefab using Guid(d0a8e4744adc30e4da0bd2fa2d6c6a6f) Importer(815301076,1909f56bfc062723c751e8b465ee728b)  -> (artifact id: '13cc0031efab414ffbf05a4503d9a3b0') in 0.014097 seconds
  Import took 0.018846 seconds .

========================================================================
Received Import Request.
  Time since last request: 4.020070 seconds.
  path: Assets/Prefabs/Hexagon.prefab
  artifactKey: Guid(d0a8e4744adc30e4da0bd2fa2d6c6a6f) Importer(815301076,1909f56bfc062723c751e8b465ee728b)
Start importing Assets/Prefabs/Hexagon.prefab using Guid(d0a8e4744adc30e4da0bd2fa2d6c6a6f) Importer(815301076,1909f56bfc062723c751e8b465ee728b)  -> (artifact id: 'c6ec64a0a62176f2ecf0cef8c6e62e70') in 0.014676 seconds
  Import took 0.019767 seconds .

========================================================================
Received Import Request.
  Time since last request: 2.792290 seconds.
  path: Assets/Prefabs/Hexagon.prefab
  artifactKey: Guid(d0a8e4744adc30e4da0bd2fa2d6c6a6f) Importer(815301076,1909f56bfc062723c751e8b465ee728b)
Start importing Assets/Prefabs/Hexagon.prefab using Guid(d0a8e4744adc30e4da0bd2fa2d6c6a6f) Importer(815301076,1909f56bfc062723c751e8b465ee728b)  -> (artifact id: '33de5263d13381818f88961c160cf82c') in 0.014790 seconds
  Import took 0.030379 seconds .

========================================================================
Received Import Request.
  Time since last request: 17.932591 seconds.
  path: Assets/Prefabs/Hexagon Bomb.prefab
  artifactKey: Guid(4901ea2d03cb4ce468b54840aaffde4a) Importer(815301076,1909f56bfc062723c751e8b465ee728b)
Start importing Assets/Prefabs/Hexagon Bomb.prefab using Guid(4901ea2d03cb4ce468b54840aaffde4a) Importer(815301076,1909f56bfc062723c751e8b465ee728b)  -> (artifact id: '46b32d28751e9885a5804d985cf8b52d') in 0.044316 seconds
  Import took 0.048967 seconds .

========================================================================
Received Prepare
Registering precompiled user dll's ...
Registered in 0.006796 seconds.
Begin MonoManager ReloadAssembly
Native extension for WindowsStandalone target not found
Refreshing native plugins compatible for Editor in 0.64 ms, found 3 plugins.
Preloading 0 native plugins for Editor in 0.00 ms.
Mono: successfully reloaded assembly
- Completed reload, in  1.672 seconds
Platform modules already initialized, skipping
Switching build target platform(19) subTarget(0) extendedPlatform(0) -> platform(13) subTarget(537395200) extendedPlatform(0)
Refreshing native plugins compatible for Editor in 0.71 ms, found 3 plugins.
Preloading 0 native plugins for Editor in 0.00 ms.
Unloading 2084 Unused Serialized files (Serialized files now loaded: 0)
System memory in use before: 96.2 MB.
System memory in use after: 96.1 MB.

Unloading 21 unused Assets to reduce memory usage. Loaded Objects now: 2533.
Total: 2.965400 ms (FindLiveObjects: 0.210400 ms CreateObjectMapping: 0.095000 ms MarkObjects: 2.513700 ms  DeleteObjects: 0.144400 ms)

AssetImportParameters requested are different than current active one (requested -> active):
  custom:graphics/normal-map-encoding: 01000000000000000000000000000000 -> 02000000000000000000000000000000
========================================================================
Received Import Request.
  Time since last request: 71.993679 seconds.
  path: Assets/Prefabs/Hexagon.prefab
  artifactKey: Guid(d0a8e4744adc30e4da0bd2fa2d6c6a6f) Importer(815301076,1909f56bfc062723c751e8b465ee728b)
Start importing Assets/Prefabs/Hexagon.prefab using Guid(d0a8e4744adc30e4da0bd2fa2d6c6a6f) Importer(815301076,1909f56bfc062723c751e8b465ee728b)  -> (artifact id: '6992c7ea74afe22598aad052ba625089') in 0.078833 seconds
  Import took 0.130300 seconds .

========================================================================
Received Import Request.
  Time since last request: 1.474197 seconds.
  path: Assets/Prefabs/Hexagon.prefab
  artifactKey: Guid(d0a8e4744adc30e4da0bd2fa2d6c6a6f) Importer(815301076,1909f56bfc062723c751e8b465ee728b)
Start importing Assets/Prefabs/Hexagon.prefab using Guid(d0a8e4744adc30e4da0bd2fa2d6c6a6f) Importer(815301076,1909f56bfc062723c751e8b465ee728b)  -> (artifact id: 'e672fc0f9cdd2c166a0c83ccd02fce66') in 0.015361 seconds
  Import took 0.019650 seconds .

========================================================================
Received Import Request.
  Time since last request: 8.367011 seconds.
  path: Assets/Prefabs/Hexagon Bomb.prefab
  artifactKey: Guid(4901ea2d03cb4ce468b54840aaffde4a) Importer(815301076,1909f56bfc062723c751e8b465ee728b)
Start importing Assets/Prefabs/Hexagon Bomb.prefab using Guid(4901ea2d03cb4ce468b54840aaffde4a) Importer(815301076,1909f56bfc062723c751e8b465ee728b)  -> (artifact id: 'a0ea373f08cb271fbdef6b50bf4e6503') in 0.031798 seconds
  Import took 0.036595 seconds .

========================================================================
Received Prepare
Registering precompiled user dll's ...
Registered in 0.006172 seconds.
Begin MonoManager ReloadAssembly
Native extension for WindowsStandalone target not found
Refreshing native plugins compatible for Editor in 0.61 ms, found 3 plugins.
Preloading 0 native plugins for Editor in 0.00 ms.
Mono: successfully reloaded assembly
- Completed reload, in  1.482 seconds
Platform modules already initialized, skipping
Switching build target platform(19) subTarget(0) extendedPlatform(0) -> platform(13) subTarget(537395200) extendedPlatform(0)
Refreshing native plugins compatible for Editor in 0.57 ms, found 3 plugins.
Preloading 0 native plugins for Editor in 0.00 ms.
Unloading 2084 Unused Serialized files (Serialized files now loaded: 0)
System memory in use before: 96.2 MB.
System memory in use after: 96.2 MB.

Unloading 21 unused Assets to reduce memory usage. Loaded Objects now: 2538.
Total: 3.169600 ms (FindLiveObjects: 0.267000 ms CreateObjectMapping: 0.178000 ms MarkObjects: 2.580700 ms  DeleteObjects: 0.142300 ms)

AssetImportParameters requested are different than current active one (requested -> active):
  custom:graphics/normal-map-encoding: 01000000000000000000000000000000 -> 02000000000000000000000000000000
========================================================================
Received Prepare
Refreshing native plugins compatible for Editor in 6.38 ms, found 3 plugins.
Preloading 0 native plugins for Editor in 0.00 ms.
Unloading 19 Unused Serialized files (Serialized files now loaded: 0)
System memory in use before: 55.5 MB.
System memory in use after: 55.5 MB.

Unloading 19 unused Assets to reduce memory usage. Loaded Objects now: 2538.
Total: 2.936900 ms (FindLiveObjects: 0.212300 ms CreateObjectMapping: 0.095600 ms MarkObjects: 2.477400 ms  DeleteObjects: 0.149900 ms)

========================================================================
Received Prepare
Registering precompiled user dll's ...
Registered in 0.006003 seconds.
Begin MonoManager ReloadAssembly
Native extension for WindowsStandalone target not found
Refreshing native plugins compatible for Editor in 0.73 ms, found 3 plugins.
Preloading 0 native plugins for Editor in 0.00 ms.
Mono: successfully reloaded assembly
- Completed reload, in  1.418 seconds
Platform modules already initialized, skipping
Refreshing native plugins compatible for Editor in 0.58 ms, found 3 plugins.
Preloading 0 native plugins for Editor in 0.00 ms.
Unloading 2080 Unused Serialized files (Serialized files now loaded: 0)
System memory in use before: 96.2 MB.
System memory in use after: 96.2 MB.

Unloading 21 unused Assets to reduce memory usage. Loaded Objects now: 2542.
Total: 3.600300 ms (FindLiveObjects: 0.259800 ms CreateObjectMapping: 0.169700 ms MarkObjects: 3.013400 ms  DeleteObjects: 0.155600 ms)

========================================================================
Received Prepare
Refreshing native plugins compatible for Editor in 6.65 ms, found 3 plugins.
Preloading 0 native plugins for Editor in 0.00 ms.
Unloading 19 Unused Serialized files (Serialized files now loaded: 0)
System memory in use before: 55.5 MB.
System memory in use after: 55.5 MB.

Unloading 19 unused Assets to reduce memory usage. Loaded Objects now: 2542.
Total: 3.494500 ms (FindLiveObjects: 0.249500 ms CreateObjectMapping: 0.179200 ms MarkObjects: 2.909300 ms  DeleteObjects: 0.154800 ms)

========================================================================
Received Prepare
Refreshing native plugins compatible for Editor in 5.87 ms, found 3 plugins.
Preloading 0 native plugins for Editor in 0.00 ms.
Unloading 19 Unused Serialized files (Serialized files now loaded: 0)
System memory in use before: 55.5 MB.
System memory in use after: 55.5 MB.

Unloading 19 unused Assets to reduce memory usage. Loaded Objects now: 2542.
Total: 3.152500 ms (FindLiveObjects: 0.257200 ms CreateObjectMapping: 0.159900 ms MarkObjects: 2.592800 ms  DeleteObjects: 0.141200 ms)

========================================================================
Received Prepare
Refreshing native plugins compatible for Editor in 5.83 ms, found 3 plugins.
Preloading 0 native plugins for Editor in 0.00 ms.
Unloading 19 Unused Serialized files (Serialized files now loaded: 0)
System memory in use before: 55.5 MB.
System memory in use after: 55.5 MB.

Unloading 19 unused Assets to reduce memory usage. Loaded Objects now: 2542.
Total: 3.198500 ms (FindLiveObjects: 0.248700 ms CreateObjectMapping: 0.144900 ms MarkObjects: 2.672500 ms  DeleteObjects: 0.131100 ms)

========================================================================
Received Prepare
Registering precompiled user dll's ...
Registered in 0.006007 seconds.
Begin MonoManager ReloadAssembly
Native extension for WindowsStandalone target not found
Refreshing native plugins compatible for Editor in 0.57 ms, found 3 plugins.
Preloading 0 native plugins for Editor in 0.00 ms.
Mono: successfully reloaded assembly
- Completed reload, in  1.483 seconds
Platform modules already initialized, skipping
Switching build target platform(19) subTarget(0) extendedPlatform(0) -> platform(13) subTarget(537395200) extendedPlatform(0)
Refreshing native plugins compatible for Editor in 0.58 ms, found 3 plugins.
Preloading 0 native plugins for Editor in 0.00 ms.
Unloading 2084 Unused Serialized files (Serialized files now loaded: 0)
System memory in use before: 96.3 MB.
System memory in use after: 96.2 MB.

Unloading 21 unused Assets to reduce memory usage. Loaded Objects now: 2546.
Total: 3.139300 ms (FindLiveObjects: 0.249300 ms CreateObjectMapping: 0.163600 ms MarkObjects: 2.567600 ms  DeleteObjects: 0.157500 ms)

AssetImportParameters requested are different than current active one (requested -> active):
  custom:graphics/normal-map-encoding: 01000000000000000000000000000000 -> 02000000000000000000000000000000
========================================================================
Received Prepare
Refreshing native plugins compatible for Editor in 6.12 ms, found 3 plugins.
Preloading 0 native plugins for Editor in 0.00 ms.
Unloading 19 Unused Serialized files (Serialized files now loaded: 0)
System memory in use before: 55.5 MB.
System memory in use after: 55.5 MB.

Unloading 19 unused Assets to reduce memory usage. Loaded Objects now: 2546.
Total: 2.832600 ms (FindLiveObjects: 0.204200 ms CreateObjectMapping: 0.095200 ms MarkObjects: 2.394000 ms  DeleteObjects: 0.137600 ms)

========================================================================
Received Prepare
Refreshing native plugins compatible for Editor in 6.36 ms, found 3 plugins.
Preloading 0 native plugins for Editor in 0.00 ms.
Unloading 19 Unused Serialized files (Serialized files now loaded: 0)
System memory in use before: 55.5 MB.
System memory in use after: 55.5 MB.

Unloading 19 unused Assets to reduce memory usage. Loaded Objects now: 2546.
Total: 2.764700 ms (FindLiveObjects: 0.213400 ms CreateObjectMapping: 0.103700 ms MarkObjects: 2.296400 ms  DeleteObjects: 0.149300 ms)

========================================================================
Received Import Request.
  Time since last request: 748.959312 seconds.
  path: Assets/Scripts/Hexagon.cs
  artifactKey: Guid(93b363f9d2713d34eb8616d6e676c5a9) Importer(815301076,1909f56bfc062723c751e8b465ee728b)
Start importing Assets/Scripts/Hexagon.cs using Guid(93b363f9d2713d34eb8616d6e676c5a9) Importer(815301076,1909f56bfc062723c751e8b465ee728b)  -> (artifact id: 'c2b395204fb45e7b9f7505f75e2b247c') in 0.074258 seconds
  Import took 0.078356 seconds .

========================================================================
Received Import Request.
  Time since last request: 1054.438865 seconds.
  path: Assets/Scripts/Hexagon.cs
  artifactKey: Guid(93b363f9d2713d34eb8616d6e676c5a9) Importer(815301076,1909f56bfc062723c751e8b465ee728b)
Start importing Assets/Scripts/Hexagon.cs using Guid(93b363f9d2713d34eb8616d6e676c5a9) Importer(815301076,1909f56bfc062723c751e8b465ee728b)  -> (artifact id: '2a1361240874f9e94268fa40b3d967a9') in 0.003231 seconds
  Import took 0.025535 seconds .

========================================================================
Received Import Request.
  Time since last request: 0.070194 seconds.
  path: Assets/Scripts/Hexagon.cs
  artifactKey: Guid(93b363f9d2713d34eb8616d6e676c5a9) Importer(815301076,1909f56bfc062723c751e8b465ee728b)
Start importing Assets/Scripts/Hexagon.cs using Guid(93b363f9d2713d34eb8616d6e676c5a9) Importer(815301076,1909f56bfc062723c751e8b465ee728b)  -> (artifact id: '2a1361240874f9e94268fa40b3d967a9') in 0.002884 seconds
  Import took 0.009227 seconds .

========================================================================
Received Import Request.
  Time since last request: 25.388143 seconds.
  path: Assets/Scripts/BoardManager.cs
  artifactKey: Guid(1587ffe3b73c7874aa34c8fc1355ec5f) Importer(815301076,1909f56bfc062723c751e8b465ee728b)
Start importing Assets/Scripts/BoardManager.cs using Guid(1587ffe3b73c7874aa34c8fc1355ec5f) Importer(815301076,1909f56bfc062723c751e8b465ee728b)  -> (artifact id: '4a19db88c1e96bd64430a7770f7bb066') in 0.002404 seconds
  Import took 0.006849 seconds .

========================================================================
Received Import Request.
  Time since last request: 0.001635 seconds.
  path: Assets/Scripts/BoardManager.cs
  artifactKey: Guid(1587ffe3b73c7874aa34c8fc1355ec5f) Importer(815301076,1909f56bfc062723c751e8b465ee728b)
Start importing Assets/Scripts/BoardManager.cs using Guid(1587ffe3b73c7874aa34c8fc1355ec5f) Importer(815301076,1909f56bfc062723c751e8b465ee728b)  -> (artifact id: '4a19db88c1e96bd64430a7770f7bb066') in 0.002382 seconds
  Import took 0.006572 seconds .

========================================================================
Received Prepare
Registering precompiled user dll's ...
Registered in 0.006249 seconds.
Begin MonoManager ReloadAssembly
Native extension for WindowsStandalone target not found
Refreshing native plugins compatible for Editor in 0.59 ms, found 3 plugins.
Preloading 0 native plugins for Editor in 0.00 ms.
Mono: successfully reloaded assembly
- Completed reload, in  1.533 seconds
Platform modules already initialized, skipping
Switching build target platform(19) subTarget(0) extendedPlatform(0) -> platform(13) subTarget(537395200) extendedPlatform(0)
Refreshing native plugins compatible for Editor in 0.58 ms, found 3 plugins.
Preloading 0 native plugins for Editor in 0.00 ms.
Unloading 2084 Unused Serialized files (Serialized files now loaded: 0)
System memory in use before: 96.3 MB.
System memory in use after: 96.3 MB.

Unloading 21 unused Assets to reduce memory usage. Loaded Objects now: 2550.
Total: 2.786700 ms (FindLiveObjects: 0.217900 ms CreateObjectMapping: 0.108500 ms MarkObjects: 2.317900 ms  DeleteObjects: 0.140600 ms)

AssetImportParameters requested are different than current active one (requested -> active):
  custom:graphics/normal-map-encoding: 01000000000000000000000000000000 -> 02000000000000000000000000000000
========================================================================
Received Import Request.
  Time since last request: 1043.546674 seconds.
  path: Assets/Scripts/BoardManager.cs
  artifactKey: Guid(1587ffe3b73c7874aa34c8fc1355ec5f) Importer(815301076,1909f56bfc062723c751e8b465ee728b)
Start importing Assets/Scripts/BoardManager.cs using Guid(1587ffe3b73c7874aa34c8fc1355ec5f) Importer(815301076,1909f56bfc062723c751e8b465ee728b)  -> (artifact id: '3733721ee9e098e268c627f9b0a02594') in 0.006035 seconds
  Import took 0.010465 seconds .

========================================================================
Received Import Request.
  Time since last request: 0.006523 seconds.
  path: Assets/Scripts/BoardManager.cs
  artifactKey: Guid(1587ffe3b73c7874aa34c8fc1355ec5f) Importer(815301076,1909f56bfc062723c751e8b465ee728b)
Start importing Assets/Scripts/BoardManager.cs using Guid(1587ffe3b73c7874aa34c8fc1355ec5f) Importer(815301076,1909f56bfc062723c751e8b465ee728b)  -> (artifact id: '3733721ee9e098e268c627f9b0a02594') in 0.002531 seconds
  Import took 0.006653 seconds .

========================================================================
Received Prepare
Registering precompiled user dll's ...
Registered in 0.006275 seconds.
Begin MonoManager ReloadAssembly
Native extension for WindowsStandalone target not found
Refreshing native plugins compatible for Editor in 0.57 ms, found 3 plugins.
Preloading 0 native plugins for Editor in 0.00 ms.
Mono: successfully reloaded assembly
- Completed reload, in  1.461 seconds
Platform modules already initialized, skipping
Switching build target platform(19) subTarget(0) extendedPlatform(0) -> platform(13) subTarget(537395200) extendedPlatform(0)
Refreshing native plugins compatible for Editor in 0.59 ms, found 3 plugins.
Preloading 0 native plugins for Editor in 0.00 ms.
Unloading 2084 Unused Serialized files (Serialized files now loaded: 0)
System memory in use before: 96.3 MB.
System memory in use after: 96.3 MB.

Unloading 21 unused Assets to reduce memory usage. Loaded Objects now: 2554.
Total: 3.139800 ms (FindLiveObjects: 0.248400 ms CreateObjectMapping: 0.159500 ms MarkObjects: 2.591800 ms  DeleteObjects: 0.138400 ms)

AssetImportParameters requested are different than current active one (requested -> active):
  custom:graphics/normal-map-encoding: 01000000000000000000000000000000 -> 02000000000000000000000000000000
========================================================================
Received Prepare
Registering precompiled user dll's ...
Registered in 0.006188 seconds.
Begin MonoManager ReloadAssembly
Native extension for WindowsStandalone target not found
Refreshing native plugins compatible for Editor in 0.63 ms, found 3 plugins.
Preloading 0 native plugins for Editor in 0.00 ms.
Mono: successfully reloaded assembly
- Completed reload, in  1.543 seconds
Platform modules already initialized, skipping
Switching build target platform(19) subTarget(0) extendedPlatform(0) -> platform(13) subTarget(537395200) extendedPlatform(0)
Refreshing native plugins compatible for Editor in 0.57 ms, found 3 plugins.
Preloading 0 native plugins for Editor in 0.00 ms.
Unloading 2084 Unused Serialized files (Serialized files now loaded: 0)
System memory in use before: 96.3 MB.
System memory in use after: 96.3 MB.

Unloading 21 unused Assets to reduce memory usage. Loaded Objects now: 2558.
Total: 3.161400 ms (FindLiveObjects: 0.255200 ms CreateObjectMapping: 0.166300 ms MarkObjects: 2.597700 ms  DeleteObjects: 0.140600 ms)

AssetImportParameters requested are different than current active one (requested -> active):
  custom:graphics/normal-map-encoding: 01000000000000000000000000000000 -> 02000000000000000000000000000000
========================================================================
Received Prepare
Registering precompiled user dll's ...
Registered in 0.006206 seconds.
Begin MonoManager ReloadAssembly
Native extension for WindowsStandalone target not found
Refreshing native plugins compatible for Editor in 0.61 ms, found 3 plugins.
Preloading 0 native plugins for Editor in 0.00 ms.
Mono: successfully reloaded assembly
- Completed reload, in  1.537 seconds
Platform modules already initialized, skipping
Switching build target platform(19) subTarget(0) extendedPlatform(0) -> platform(13) subTarget(537395200) extendedPlatform(0)
Refreshing native plugins compatible for Editor in 0.57 ms, found 3 plugins.
Preloading 0 native plugins for Editor in 0.00 ms.
Unloading 2084 Unused Serialized files (Serialized files now loaded: 0)
System memory in use before: 96.3 MB.
System memory in use after: 96.3 MB.

Unloading 21 unused Assets to reduce memory usage. Loaded Objects now: 2562.
Total: 3.173300 ms (FindLiveObjects: 0.240600 ms CreateObjectMapping: 0.147800 ms MarkObjects: 2.625300 ms  DeleteObjects: 0.158300 ms)

AssetImportParameters requested are different than current active one (requested -> active):
  custom:graphics/normal-map-encoding: 01000000000000000000000000000000 -> 02000000000000000000000000000000
========================================================================
Received Prepare
Registering precompiled user dll's ...
Registered in 0.007501 seconds.
Begin MonoManager ReloadAssembly
Native extension for WindowsStandalone target not found
Refreshing native plugins compatible for Editor in 0.68 ms, found 3 plugins.
Preloading 0 native plugins for Editor in 0.00 ms.
Mono: successfully reloaded assembly
- Completed reload, in  1.558 seconds
Platform modules already initialized, skipping
Switching build target platform(19) subTarget(0) extendedPlatform(0) -> platform(13) subTarget(537395200) extendedPlatform(0)
Refreshing native plugins compatible for Editor in 0.57 ms, found 3 plugins.
Preloading 0 native plugins for Editor in 0.00 ms.
Unloading 2084 Unused Serialized files (Serialized files now loaded: 0)
System memory in use before: 96.3 MB.
System memory in use after: 96.3 MB.

Unloading 21 unused Assets to reduce memory usage. Loaded Objects now: 2566.
Total: 2.690500 ms (FindLiveObjects: 0.200300 ms CreateObjectMapping: 0.090100 ms MarkObjects: 2.260500 ms  DeleteObjects: 0.137500 ms)

AssetImportParameters requested are different than current active one (requested -> active):
  custom:graphics/normal-map-encoding: 01000000000000000000000000000000 -> 02000000000000000000000000000000
========================================================================
Received Prepare
Registering precompiled user dll's ...
Registered in 0.006811 seconds.
Begin MonoManager ReloadAssembly
Native extension for WindowsStandalone target not found
Refreshing native plugins compatible for Editor in 0.59 ms, found 3 plugins.
Preloading 0 native plugins for Editor in 0.00 ms.
Mono: successfully reloaded assembly
- Completed reload, in  1.601 seconds
Platform modules already initialized, skipping
Switching build target platform(19) subTarget(0) extendedPlatform(0) -> platform(13) subTarget(537395200) extendedPlatform(0)
Refreshing native plugins compatible for Editor in 0.56 ms, found 3 plugins.
Preloading 0 native plugins for Editor in 0.00 ms.
Unloading 2084 Unused Serialized files (Serialized files now loaded: 0)
System memory in use before: 96.3 MB.
System memory in use after: 96.3 MB.

Unloading 21 unused Assets to reduce memory usage. Loaded Objects now: 2570.
Total: 2.788200 ms (FindLiveObjects: 0.197700 ms CreateObjectMapping: 0.089600 ms MarkObjects: 2.337800 ms  DeleteObjects: 0.161500 ms)

AssetImportParameters requested are different than current active one (requested -> active):
  custom:graphics/normal-map-encoding: 01000000000000000000000000000000 -> 02000000000000000000000000000000
========================================================================
Received Prepare
Registering precompiled user dll's ...
Registered in 0.007385 seconds.
Begin MonoManager ReloadAssembly
Native extension for WindowsStandalone target not found
Refreshing native plugins compatible for Editor in 0.60 ms, found 3 plugins.
Preloading 0 native plugins for Editor in 0.00 ms.
Mono: successfully reloaded assembly
- Completed reload, in  1.585 seconds
Platform modules already initialized, skipping
Switching build target platform(19) subTarget(0) extendedPlatform(0) -> platform(13) subTarget(537395200) extendedPlatform(0)
Refreshing native plugins compatible for Editor in 0.58 ms, found 3 plugins.
Preloading 0 native plugins for Editor in 0.00 ms.
Unloading 2084 Unused Serialized files (Serialized files now loaded: 0)
System memory in use before: 96.3 MB.
System memory in use after: 96.3 MB.

Unloading 21 unused Assets to reduce memory usage. Loaded Objects now: 2574.
Total: 3.139200 ms (FindLiveObjects: 0.246900 ms CreateObjectMapping: 0.163700 ms MarkObjects: 2.574400 ms  DeleteObjects: 0.152900 ms)

AssetImportParameters requested are different than current active one (requested -> active):
  custom:graphics/normal-map-encoding: 01000000000000000000000000000000 -> 02000000000000000000000000000000
========================================================================
Received Prepare
Registering precompiled user dll's ...
Registered in 0.006358 seconds.
Begin MonoManager ReloadAssembly
Native extension for WindowsStandalone target not found
Refreshing native plugins compatible for Editor in 0.57 ms, found 3 plugins.
Preloading 0 native plugins for Editor in 0.00 ms.
Mono: successfully reloaded assembly
- Completed reload, in  1.566 seconds
Platform modules already initialized, skipping
Switching build target platform(19) subTarget(0) extendedPlatform(0) -> platform(13) subTarget(537395200) extendedPlatform(0)
Refreshing native plugins compatible for Editor in 0.56 ms, found 3 plugins.
Preloading 0 native plugins for Editor in 0.00 ms.
Unloading 2084 Unused Serialized files (Serialized files now loaded: 0)
System memory in use before: 96.3 MB.
System memory in use after: 96.3 MB.

Unloading 21 unused Assets to reduce memory usage. Loaded Objects now: 2578.
Total: 2.861500 ms (FindLiveObjects: 0.227100 ms CreateObjectMapping: 0.145300 ms MarkObjects: 2.339200 ms  DeleteObjects: 0.148500 ms)

AssetImportParameters requested are different than current active one (requested -> active):
  custom:graphics/normal-map-encoding: 01000000000000000000000000000000 -> 02000000000000000000000000000000
========================================================================
Received Prepare
Registering precompiled user dll's ...
Registered in 0.012240 seconds.
Begin MonoManager ReloadAssembly
Native extension for WindowsStandalone target not found
Refreshing native plugins compatible for Editor in 0.57 ms, found 3 plugins.
Preloading 0 native plugins for Editor in 0.00 ms.
Mono: successfully reloaded assembly
- Completed reload, in  1.757 seconds
Platform modules already initialized, skipping
Switching build target platform(19) subTarget(0) extendedPlatform(0) -> platform(13) subTarget(537395200) extendedPlatform(0)
Refreshing native plugins compatible for Editor in 1.15 ms, found 3 plugins.
Preloading 0 native plugins for Editor in 0.00 ms.
Unloading 2084 Unused Serialized files (Serialized files now loaded: 0)
System memory in use before: 96.3 MB.
System memory in use after: 96.3 MB.

Unloading 21 unused Assets to reduce memory usage. Loaded Objects now: 2582.
Total: 2.874000 ms (FindLiveObjects: 0.233100 ms CreateObjectMapping: 0.098600 ms MarkObjects: 2.395800 ms  DeleteObjects: 0.145000 ms)

AssetImportParameters requested are different than current active one (requested -> active):
  custom:graphics/normal-map-encoding: 01000000000000000000000000000000 -> 02000000000000000000000000000000
========================================================================
Received Prepare
Registering precompiled user dll's ...
Registered in 0.012023 seconds.
Begin MonoManager ReloadAssembly
Native extension for WindowsStandalone target not found
Refreshing native plugins compatible for Editor in 0.65 ms, found 3 plugins.
Preloading 0 native plugins for Editor in 0.00 ms.
Mono: successfully reloaded assembly
- Completed reload, in  1.709 seconds
Platform modules already initialized, skipping
Switching build target platform(19) subTarget(0) extendedPlatform(0) -> platform(13) subTarget(537395200) extendedPlatform(0)
Refreshing native plugins compatible for Editor in 0.60 ms, found 3 plugins.
Preloading 0 native plugins for Editor in 0.00 ms.
Unloading 2084 Unused Serialized files (Serialized files now loaded: 0)
System memory in use before: 96.4 MB.
System memory in use after: 96.3 MB.

Unloading 21 unused Assets to reduce memory usage. Loaded Objects now: 2586.
Total: 2.848100 ms (FindLiveObjects: 0.207000 ms CreateObjectMapping: 0.090800 ms MarkObjects: 2.401400 ms  DeleteObjects: 0.147300 ms)

AssetImportParameters requested are different than current active one (requested -> active):
  custom:graphics/normal-map-encoding: 01000000000000000000000000000000 -> 02000000000000000000000000000000
========================================================================
Received Prepare
Registering precompiled user dll's ...
Registered in 0.006558 seconds.
Begin MonoManager ReloadAssembly
Native extension for WindowsStandalone target not found
Refreshing native plugins compatible for Editor in 0.59 ms, found 3 plugins.
Preloading 0 native plugins for Editor in 0.00 ms.
Mono: successfully reloaded assembly
- Completed reload, in  1.638 seconds
Platform modules already initialized, skipping
Switching build target platform(19) subTarget(0) extendedPlatform(0) -> platform(13) subTarget(537395200) extendedPlatform(0)
Refreshing native plugins compatible for Editor in 0.65 ms, found 3 plugins.
Preloading 0 native plugins for Editor in 0.00 ms.
Unloading 2084 Unused Serialized files (Serialized files now loaded: 0)
System memory in use before: 96.4 MB.
System memory in use after: 96.3 MB.

Unloading 21 unused Assets to reduce memory usage. Loaded Objects now: 2590.
Total: 3.164500 ms (FindLiveObjects: 0.255700 ms CreateObjectMapping: 0.162200 ms MarkObjects: 2.601300 ms  DeleteObjects: 0.144100 ms)

AssetImportParameters requested are different than current active one (requested -> active):
  custom:graphics/normal-map-encoding: 01000000000000000000000000000000 -> 02000000000000000000000000000000
========================================================================
Received Prepare
Registering precompiled user dll's ...
Registered in 0.006771 seconds.
Begin MonoManager ReloadAssembly
Native extension for WindowsStandalone target not found
Refreshing native plugins compatible for Editor in 0.72 ms, found 3 plugins.
Preloading 0 native plugins for Editor in 0.00 ms.
Mono: successfully reloaded assembly
- Completed reload, in  1.678 seconds
Platform modules already initialized, skipping
Switching build target platform(19) subTarget(0) extendedPlatform(0) -> platform(13) subTarget(537395200) extendedPlatform(0)
Refreshing native plugins compatible for Editor in 0.58 ms, found 3 plugins.
Preloading 0 native plugins for Editor in 0.00 ms.
Unloading 2084 Unused Serialized files (Serialized files now loaded: 0)
System memory in use before: 96.4 MB.
System memory in use after: 96.4 MB.

Unloading 21 unused Assets to reduce memory usage. Loaded Objects now: 2594.
Total: 3.049100 ms (FindLiveObjects: 0.236700 ms CreateObjectMapping: 0.132000 ms MarkObjects: 2.538400 ms  DeleteObjects: 0.140300 ms)

AssetImportParameters requested are different than current active one (requested -> active):
  custom:graphics/normal-map-encoding: 01000000000000000000000000000000 -> 02000000000000000000000000000000
========================================================================
Received Prepare
Registering precompiled user dll's ...
Registered in 0.006422 seconds.
Begin MonoManager ReloadAssembly
Native extension for WindowsStandalone target not found
Refreshing native plugins compatible for Editor in 0.58 ms, found 3 plugins.
Preloading 0 native plugins for Editor in 0.00 ms.
Mono: successfully reloaded assembly
- Completed reload, in  1.691 seconds
Platform modules already initialized, skipping
Switching build target platform(19) subTarget(0) extendedPlatform(0) -> platform(13) subTarget(537395200) extendedPlatform(0)
Refreshing native plugins compatible for Editor in 0.57 ms, found 3 plugins.
Preloading 0 native plugins for Editor in 0.00 ms.
Unloading 2084 Unused Serialized files (Serialized files now loaded: 0)
System memory in use before: 96.4 MB.
System memory in use after: 96.4 MB.

Unloading 21 unused Assets to reduce memory usage. Loaded Objects now: 2598.
Total: 2.731100 ms (FindLiveObjects: 0.212500 ms CreateObjectMapping: 0.095300 ms MarkObjects: 2.275400 ms  DeleteObjects: 0.146500 ms)

AssetImportParameters requested are different than current active one (requested -> active):
  custom:graphics/normal-map-encoding: 01000000000000000000000000000000 -> 02000000000000000000000000000000
========================================================================
Received Prepare
Registering precompiled user dll's ...
Registered in 0.006495 seconds.
Begin MonoManager ReloadAssembly
Native extension for WindowsStandalone target not found
Refreshing native plugins compatible for Editor in 0.66 ms, found 3 plugins.
Preloading 0 native plugins for Editor in 0.00 ms.
Mono: successfully reloaded assembly
- Completed reload, in  2.226 seconds
Platform modules already initialized, skipping
Switching build target platform(19) subTarget(0) extendedPlatform(0) -> platform(13) subTarget(537395200) extendedPlatform(0)
Refreshing native plugins compatible for Editor in 0.58 ms, found 3 plugins.
Preloading 0 native plugins for Editor in 0.00 ms.
Unloading 2084 Unused Serialized files (Serialized files now loaded: 0)
System memory in use before: 96.4 MB.
System memory in use after: 96.4 MB.

Unloading 21 unused Assets to reduce memory usage. Loaded Objects now: 2602.
Total: 3.037200 ms (FindLiveObjects: 0.259000 ms CreateObjectMapping: 0.169400 ms MarkObjects: 2.469200 ms  DeleteObjects: 0.138300 ms)

AssetImportParameters requested are different than current active one (requested -> active):
  custom:graphics/normal-map-encoding: 01000000000000000000000000000000 -> 02000000000000000000000000000000
========================================================================
Received Prepare
Refreshing native plugins compatible for Editor in 5.88 ms, found 3 plugins.
Preloading 0 native plugins for Editor in 0.00 ms.
Unloading 19 Unused Serialized files (Serialized files now loaded: 0)
System memory in use before: 55.7 MB.
System memory in use after: 55.7 MB.

Unloading 19 unused Assets to reduce memory usage. Loaded Objects now: 2602.
Total: 3.287500 ms (FindLiveObjects: 0.289700 ms CreateObjectMapping: 0.189200 ms MarkObjects: 2.656200 ms  DeleteObjects: 0.151300 ms)

========================================================================
Received Import Request.
  Time since last request: 10795.894764 seconds.
  path: Assets/Prefabs/Hexagon Bomb.prefab
  artifactKey: Guid(4901ea2d03cb4ce468b54840aaffde4a) Importer(815301076,1909f56bfc062723c751e8b465ee728b)
Start importing Assets/Prefabs/Hexagon Bomb.prefab using Guid(4901ea2d03cb4ce468b54840aaffde4a) Importer(815301076,1909f56bfc062723c751e8b465ee728b)  -> (artifact id: '9591d9c51de3ceace8b9320fda61ece7') in 0.175452 seconds
  Import took 0.181140 seconds .

========================================================================
Received Import Request.
  Time since last request: 0.000316 seconds.
  path: Assets/Prefabs/Hexagon.prefab
  artifactKey: Guid(d0a8e4744adc30e4da0bd2fa2d6c6a6f) Importer(815301076,1909f56bfc062723c751e8b465ee728b)
Start importing Assets/Prefabs/Hexagon.prefab using Guid(d0a8e4744adc30e4da0bd2fa2d6c6a6f) Importer(815301076,1909f56bfc062723c751e8b465ee728b)  -> (artifact id: '7bed0acce0145660f916c8d0431a4ddf') in 0.019658 seconds
  Import took 0.023563 seconds .

